
2024-05-15 01:29:28 :: User ID: 17924 cara@lockelandtable.com main: 615-351-5594 mobile: 615-584-4447
2024-05-15 01:29:28 :: User ID: 17925 facilities-atlanta@am.jll.com main: 615 928 5321 mobile: 
2024-05-15 01:29:28 :: User ID: 17926 Laura.Ragan@tn.gov main: 615-770-1094 mobile: 
2024-05-15 01:29:28 :: The user AP_shville@highwoods.com was not found
2024-05-15 01:29:28 :: User ID: 17928 fchildress@brookdaleliving.com main: 615.564.8043 mobile: 615.278.8037
2024-05-15 01:29:28 :: User ID: 18506 RACHEL@CREMA-COFFEE.COM main: 615-255-8311 mobile: 
2024-05-15 01:29:28 :: User ID: 17929 cindy.lattanzi@crowe.com main: 615-515-3859 mobile: 972.890.8880
2024-05-15 01:29:28 :: The user accountspayable@dzlmagement.com was not found
2024-05-15 01:29:28 :: User ID: 17931 tanika@daleandassociates.net main: (615)297-5166 mobile: 
2024-05-15 01:29:28 :: User ID: 17932 Bonnie.Cash@finnpartners.com main: 615 610 0290 mobile: 615 244 1818
2024-05-15 01:29:28 :: User ID: 17933 WMSBSCurrMonthInv@wm.com main: 860 760-9401 mobile: 802-770-5622
2024-05-15 01:29:28 :: User ID: 17934 billing@6thmanmovers.com main: 6158031313 mobile: 
2024-05-15 01:29:28 :: User ID: 17935 business@abintra.org main: 615-352-4317 mobile: 
2024-05-15 01:29:28 :: User ID: 17936 mary@accentinbrentwood.com main: 615-373-8484 mobile: 615-309-8158
2024-05-15 01:29:28 :: User ID: 17937 dalcaraz@alfredwilliams.com main: 919.459.3249 mobile: 919.832.9570
2024-05-15 01:29:28 :: The user dspeer@argretailers.com was not found
2024-05-15 01:29:28 :: User ID: 17939 KAT.CARTER@abrholdings.COM main: 615-782-8953 mobile: 615-256-8500
2024-05-15 01:29:28 :: User ID: 17940 abynum@cri-us.com main: 615-292-9514 mobile: 615-292-9514
2024-05-15 01:29:28 :: User ID: 17941 mmccall@americanconstructors.us main: 615-329-0123 mobile: 615-329-0123
2024-05-15 01:29:28 :: User ID: 17942 baileyl@americanstandard.com main: 615.873.2473 mobile: 
2024-05-15 01:29:28 :: User ID: 17943 martin@andersonpiping.com main: 615.256.1166 mobile: 
2024-05-15 01:29:28 :: User ID: 17944 twilson@aquaeter.com main: 6153738532 mobile: 
2024-05-15 01:29:28 :: The user aharvey3@wm.com was not found
2024-05-15 01:29:28 :: User ID: 17946 tconnolly@bakerroofing.com main: 615-938-7124 mobile: 919.820.9000
2024-05-15 01:29:28 :: User ID: 17947 emathis@banccard.com main: 615-352-6956 mobile: 
2024-05-15 01:29:28 :: User ID: 17948 canthony@bankdirector.com main: 615.777.8470 mobile: 
2024-05-15 01:29:28 :: The user dia.andrew@healingtrust.org was not found
2024-05-15 01:29:28 :: User ID: 17950 utilities@bluepearlvet.com main: 615-333-1212 mobile: 
2024-05-15 01:29:28 :: User ID: 17951 bormanrec@bormantn.com main: 615-320-3000 mobile: 
2024-05-15 01:29:28 :: User ID: 17952 invoices@radiuspoint.com main: 4076574169 mobile: 615-275-2546
2024-05-15 01:29:28 :: User ID: 17953 CenterstoneAP@centerstone.org main: 6154636538 mobile: 
2024-05-15 01:29:28 :: The user deborkin@centricarchitecture.com was not found
2024-05-15 01:29:28 :: User ID: 17955 rweaver@chco.com main: 615-345-7215 mobile: 
2024-05-15 01:29:28 :: User ID: 17956 MMCQUEEN@CHRISTCATHEDRAL.ORG main: 615-255-7729 mobile: 
2024-05-15 01:29:28 :: The user an.pennesi@citi.com was not found
2024-05-15 01:29:28 :: The user talie.caputo@viacom.com was not found
2024-05-15 01:29:28 :: User ID: 17959 accountspayable@thecomfortgroup.com main: 615-263-2934 mobile: 
2024-05-15 01:29:28 :: User ID: 17960 kscheib@COM-INS.com main: 615-515-6017 mobile: 
2024-05-15 01:29:28 :: User ID: 17961 reception@cmaworld.com main: 615-664-1616 mobile: 
2024-05-15 01:29:28 :: User ID: 17962 robyn.evans@healthstream.com main:  mobile: 270-253-2567
2024-05-15 01:29:28 :: User ID: 17963 kdobbins@smithgeestudio.com main: (615) 739-5555 mobile: 
2024-05-15 01:29:28 :: The user accountspayable@epluscancercare.com was not found
2024-05-15 01:29:28 :: User ID: 17965 dewayne.barnett@changehealthcare.com main: 585-924-9640 mobile: 
2024-05-15 01:29:28 :: User ID: 17966 accountspayable@meetmarigold.com main:  mobile: 615-292-5888
2024-05-15 01:29:28 :: User ID: 17967 lkinkel@ramboll.com main: 615-277-7514 mobile: 
2024-05-15 01:29:28 :: The user accounting@ESSshville.com was not found
2024-05-15 01:29:28 :: User ID: 17970 parodriguez@fedex.com main: 615-209-7098 mobile: 
2024-05-15 01:29:28 :: The user ap.tennessee@feintool.com was not found
2024-05-15 01:29:28 :: The user shvilleec@bill.com was not found
2024-05-15 01:29:28 :: User ID: 17973 rhonda.smotherman@PremiseHealth.com main: 615-577-4946 mobile: 
2024-05-15 01:29:28 :: User ID: 17974 stacia.hutcherson@STITES.COM main: 615-742-2268 mobile: 
2024-05-15 01:29:28 :: User ID: 17975 ap@smeinc.com main: 615-385-4144 mobile: 
2024-05-15 01:29:28 :: User ID: 17976 OAS.ElectronicInvoices@tn.gov main: 615-532-0494 mobile: 
2024-05-15 01:29:28 :: User ID: 17977 cooper@thirdmanrecords.com main: 615-891-4393 x 309 mobile: 402-206-4397
2024-05-15 01:29:28 :: User ID: 18508 teresa@paragontn.com main: 615-731-4767 mobile: 615-731-4767
2024-05-15 01:29:28 :: User ID: 17978 michael.hagewood@fsresidential.com main: 615-259-7749 mobile: 615-490-5796
2024-05-15 01:29:28 :: User ID: 17979 kmartin@rymanhp.com main: 615-316-6323 mobile: 615-306-8621
2024-05-15 01:29:28 :: User ID: 17980 carol@capitalcorporation.net main: 615-855-2230 ext 107 mobile: 615-969-3015
2024-05-15 01:29:28 :: The user angela.r.roberts@vumc.org was not found
2024-05-15 01:29:28 :: The user kjohnson@acceptanceinsurance.com was not found
2024-05-15 01:29:28 :: The user amy.garrison@ghertner.com was not found
2024-05-15 01:29:28 :: User ID: 17984 kristen@kaygriffin.com main: 615-742-4800 mobile: 615-742-4800
2024-05-15 01:29:28 :: User ID: 17985 betsy.chandler@freemanwebb.com main: 615-255-1231  ext. 112 mobile: 
2024-05-15 01:29:28 :: User ID: 17986 frcash@LKQCORP.com main: 615-781-5162 mobile: 
2024-05-15 01:29:28 :: User ID: 17987 mbeard@mpf.com main: 615-259-4000 mobile: 901.378.6861
2024-05-15 01:29:28 :: The user MLANE@SBA.ORG was not found
2024-05-15 01:29:28 :: User ID: 17989 invoices4sms@avidbill.com main: 615-850-5468 mobile: 
2024-05-15 01:29:28 :: The user d.francis@hndllc.com was not found
2024-05-15 01:29:28 :: User ID: 17991 sjustice-mccray@tnbankers.org main: 6152444871 x101 mobile: 615-557-6923
2024-05-15 01:29:28 :: User ID: 17993 accountspayable@gideons.org main: 615-564-5000 mobile: 615-564-5000
2024-05-15 01:29:28 :: User ID: 17994 deloris.clark@vanderbilt.edu main: 615-322-1803 mobile: 615-343-6585
2024-05-15 01:29:28 :: User ID: 17996 AP@tenh.com main: 6152712430 mobile: 6152712430
2024-05-15 01:29:28 :: User ID: 17997 paula.burns@freemanwebb.com main: 615-271-2700 mobile: 
2024-05-15 01:29:28 :: User ID: 17998 accountant@willscompany.com main: 615-352-1228 ext 108 mobile: 
2024-05-15 01:29:28 :: User ID: 17999 waverly.demers@vumc.org main: 615.343.1913 mobile: 
2024-05-15 01:29:29 :: User ID: 18000 Tammy.Helm@umusic.com main: 615-340-5400 mobile: 615-321-0820
2024-05-15 01:29:29 :: User ID: 18001 accounting@hqdirect.com main: 615-254-7444 (ext 104) mobile: 6155932735
2024-05-15 01:29:29 :: The user HubGlobalSuppliers@hubintertiol.com was not found
2024-05-15 01:29:29 :: User ID: 18004 Andrea@tomkats.com main: 615.256.9596 mobile: 
2024-05-15 01:29:29 :: User ID: 18005 jdargavel@newmarketwaste.com main: 7047145191 mobile: 
2024-05-15 01:29:29 :: Info on index 81 was not imported, required info was not found
2024-05-15 01:29:29 :: User ID: 18007 Bobby.Strickland@sonyatv.com main: 615-726-8435 mobile: 
2024-05-15 01:29:29 :: User ID: 18008 klawrence@fmccpa.com main: 615-419-3124 mobile: 
2024-05-15 01:29:29 :: The user bderseweh@rgpeds.com was not found
2024-05-15 01:29:29 :: User ID: 18010 Kristy@assocresources.com main: 615-385-0686 mobile: 
2024-05-15 01:29:29 :: The user Don.Robinson@pathwaylending.org was not found
2024-05-15 01:29:29 :: The user debra.skelly@WSP.com was not found
2024-05-15 01:29:29 :: User ID: 18013 ccheek@parmanenergy.com main: 615 350 5580 mobile: 
2024-05-15 01:29:29 :: User ID: 18014 jmoseley@orionbldg.com main: 615-627-2053 mobile: 
2024-05-15 01:29:29 :: User ID: 18015 dawn.reed@northhighland.com main: 615-370-2790 mobile: 404-975-6524
2024-05-15 01:29:29 :: The user smcgilberry@shvillesports.com was not found
2024-05-15 01:29:29 :: User ID: 18017 accounting@fwpublishing.com main: 615-244-7989 mobile: 615.844.9402
2024-05-15 01:29:29 :: User ID: 18018 pat.miller@millenniumhotels.com main: 615-313-1359 mobile: 
2024-05-15 01:29:29 :: User ID: 18019 walls-t@us.benichu.com main: (615) 360-9077 mobile: 
2024-05-15 01:29:29 :: User ID: 18020 sgordon@leader.law main: 615-780-4105 mobile: 615-780-4109
2024-05-15 01:29:29 :: User ID: 18021 tabitha.snyder@stores.kroger.com main: 615-871-2512 mobile: 
2024-05-15 01:29:29 :: User ID: 18022 jkilpatrick@livejones.com main: 615-595-5466 mobile: 
2024-05-15 01:29:29 :: User ID: 18023 jcarpenter@jjca.com main: (615) 577-7861 mobile: 
2024-05-15 01:29:29 :: User ID: 18024 accountspayable@jwmcd.com main: 615-301-0737 mobile: 615-321-3900
2024-05-15 01:29:29 :: The user info@humanitiestennessee.org was not found
2024-05-15 01:29:29 :: User ID: 18025 katherine.brown@hdarchitects.com main: 615-430-1234 mobile: 
2024-05-15 01:29:29 :: User ID: 18026 dbest@opry.com main: 615-882-5577 mobile: 
2024-05-15 01:29:29 :: User ID: 18027 emilymarlar@franklinderm.net main: 615-771-1881  ext 112 mobile: 
2024-05-15 01:29:29 :: User ID: 2 bbandy@earthsavers.org main: 6157207836 mobile: 
2024-05-15 01:29:29 :: The user srigby@resant.com was not found
2024-05-15 01:29:29 :: User ID: 18029 cvoiles@stbs.net main: 615.377.4750 mobile: 
2024-05-15 01:29:29 :: User ID: 18030 eescamilla@aegpresents.com main: 972-854-5077 mobile: 
2024-05-15 01:29:29 :: User ID: 18031 eboyd@superioroil.com main: 615-522-3008 mobile: 
2024-05-15 01:29:29 :: User ID: 18032 nealy@thecordelle.com main: 323-632-6813 mobile: 
2024-05-15 01:29:29 :: User ID: 18033 Billing@nephilaadvisors.com main: 615-823-8488 mobile: 
2024-05-15 01:29:29 :: User ID: 18034 jason.capps@woodresidential.com main: 615-292-4040 mobile: 
2024-05-15 01:29:29 :: The user adria.gaitan@vumc.org was not found
2024-05-15 01:29:29 :: User ID: 18036 dpalmer@nprjlaw.com main: (615) 255-2555 mobile: 
2024-05-15 01:29:29 :: The user lonnie@greatershvillerealtors.org was not found
2024-05-15 01:29:29 :: User ID: 18038 missy.Evans@lbmc.com main: 615-690-1975 mobile: 
2024-05-15 01:29:29 :: User ID: 18039 ap@velocityrisk.com main: 6154324052 mobile: 
2024-05-15 01:29:29 :: User ID: 18040 jherring@CommonwealthCommercial.com main: 615-250-3012 mobile: 931-808-0848
2024-05-15 01:29:29 :: User ID: 18041 dacsupplies@vumc.org main: 615-875-1858 mobile: 
2024-05-15 01:29:29 :: User ID: 18042 kelly@gomailgreen.com main: 866-760-6027 ext 103 mobile: 
2024-05-15 01:29:29 :: User ID: 18043 Cboczulak@apexsystemsinc.com main: 6152774090 ext. 53200 mobile: 
2024-05-15 01:29:29 :: User ID: 18044 margaret.brandon@ourkidscenter.com main: 615-341-4917 mobile: 
2024-05-15 01:29:29 :: User ID: 18045 griffinhm@toa.com main: 615-695-1424 mobile: 
2024-05-15 01:29:29 :: User ID: 18046 ap@oriusa.com main: 615-376-1213 mobile: 
2024-05-15 01:29:29 :: User ID: 18047 Thomas.johns@twbcompany.com main: 734-625-0096 mobile: 
2024-05-15 01:29:29 :: User ID: 18049 dstephens@wyliesteel.com main: 615-373-2875 mobile: 
2024-05-15 01:29:29 :: User ID: 18050 bhughes@purposeprep.org main: 615-724-0711 mobile: 
2024-05-15 01:29:29 :: User ID: 18051 todd.t@thomasandhutton.com main: 615-349-4967 mobile: 
2024-05-15 01:29:29 :: The user ckeaton@shvillevetspecialists.com was not found
2024-05-15 01:29:29 :: User ID: 18053 AMartinie@WMEAgency.com main: 615-963-3303 mobile: 
2024-05-15 01:29:29 :: User ID: 18054 jpartin@csimp.net main: (615) 376-8195 mobile: 
2024-05-15 01:29:29 :: The user kelsie.myers@pincleskin.com was not found
2024-05-15 01:29:29 :: User ID: 18056 accounting@enviroscienceinc.com main: (330) 688-0111 mobile: (615) 414-0988
2024-05-15 01:29:29 :: User ID: 18057 kburkholder@compassroseevents.com main: 6155015116 mobile: 
2024-05-15 01:29:29 :: User ID: 18058 greg@cjadvertising.com main: 615-296-1067 mobile: 
2024-05-15 01:29:29 :: User ID: 18059 Lamont.Hill@jll.com main:  mobile: 615-202-2227
2024-05-15 01:29:29 :: User ID: 18060 AccountsPayable@inovapayroll.com main: 615.921.0600 ext. 2632 mobile: 
2024-05-15 01:29:29 :: The user jon.tate@caa.com was not found
2024-05-15 01:29:29 :: User ID: 18062 sam@zeitlin.com main: 615-383-0183 mobile: 615-294-9887
2024-05-15 01:29:29 :: User ID: 18063 melita.rippy@vumc.org main: (615) 936-2962 mobile: 
2024-05-15 01:29:29 :: User ID: 18064 LSchween@ghp1.com main: (615) 254-8500 mobile: 
2024-05-15 01:29:29 :: User ID: 18065 Lwinters@caresupplyco.com main: 615-932-8299 mobile: 
2024-05-15 01:29:29 :: User ID: 18066 bburnett@tennessean.com main: 6157205503 mobile: 
2024-05-15 01:29:29 :: User ID: 18067 Princess.Raine@kci.com main: 629.204.5054 mobile: 615.370.8410
2024-05-15 01:29:29 :: The user adi@accuworks.com was not found
2024-05-15 01:29:29 :: User ID: 18069 kelly.lowry@Consilio.com main: (615) 345-7516 mobile: (765) 210-9923
2024-05-15 01:29:29 :: The user hanh@pfeffertorode.com was not found
2024-05-15 01:29:29 :: User ID: 18071 cd.clark@parmanenergy.com main: 615 350 5256 mobile: 
2024-05-15 01:29:29 :: User ID: 18072 candace@lsplaw.net main: (615) 843-0307 mobile: 615-347-9833
2024-05-15 01:29:29 :: User ID: 18073 dkoon@trevecca.church main: 615-244-5918 mobile: 6153641917
2024-05-15 01:29:29 :: User ID: 18075 rebecca.cherman@captrust.com main: 615-369-1438 mobile: 
2024-05-15 01:29:29 :: User ID: 18076 Michael.Eden@wmg.com main: (615) 748-8000 mobile: 
2024-05-15 01:29:29 :: User ID: 18077 brec@unicoprop.com main: 615.313.1425 mobile: 
2024-05-15 01:29:29 :: The user james@treeworkschimes.com was not found
2024-05-15 01:29:29 :: User ID: 18079 Mick.Wrigley@avisonyoung.com main: 615.727.7414 mobile: 615.200.5956
2024-05-15 01:29:29 :: User ID: 18080 roxanne.irvin@gpj.com main: (615) 768-3200 mobile: 
2024-05-15 01:29:29 :: User ID: 18237 ap@wasteharmonics.com main: 585-924-9640 mobile: 
2024-05-15 01:29:29 :: User ID: 18081 accounting@acumentechnoloy.com main: 615.744.2032 mobile: 6153191336
2024-05-15 01:29:29 :: User ID: 18082 karelle@karellejohnson.com main: 615-579-1072 mobile: 
2024-05-15 01:29:29 :: User ID: 18083 accountspayable@chct.reit main: (615) 716-2086 mobile: 
2024-05-15 01:29:29 :: User ID: 18084 jessica.stieben@vmlyr.com main: (615) 617-6544 mobile: 785-731-3270
2024-05-15 01:29:29 :: User ID: 18085 brandon.robinson@franke.com main: (629) 250-1495 mobile: 
2024-05-15 01:29:29 :: User ID: 18086 cindy.gibbs@avisonyoung.com main: 615.727.7420 mobile: 615.477-5918
2024-05-15 01:29:29 :: User ID: 18087 dewayne.mccroskey@geodis.com main: (615) 524 3601 mobile: (615) 424 6038
2024-05-15 01:29:29 :: User ID: 18088 ap@ccorpusa.com main: 615-610-9774 mobile: 
2024-05-15 01:29:29 :: User ID: 18089 leigh@thecordelle.com main: 615.354.8746 mobile: 323.574.2319
2024-05-15 01:29:29 :: User ID: 18090 ben.taylor@healinginnovations.com main: 9168790510 mobile: 
2024-05-15 01:29:29 :: User ID: 18091 asitter@montessoriacad.org main: (615) 833-3610 mobile: 
2024-05-15 01:29:29 :: User ID: 18092 5thandbroadway@brookfieldproperties.com main: 615.823.2630 mobile: 
2024-05-15 01:29:29 :: User ID: 18093 dwigart@nfcn.org main: 6156904422 mobile: 
2024-05-15 01:29:29 :: The user andrew@shvillemotorcyclerepair.com was not found
2024-05-15 01:29:29 :: User ID: 18096 tbulso@bulso.com main: 615-913-5200 mobile: 
2024-05-15 01:29:29 :: User ID: 18097 katelyn@smnutrition.com main: 770 362 8696 mobile: 
2024-05-15 01:29:29 :: User ID: 18098 kcarden@chipsi.org main: 615-736-2520 mobile: 
2024-05-15 01:29:29 :: User ID: 18099 nlallatin@projectreturninc.org main: 561-866-7106 mobile: 
2024-05-15 01:29:29 :: The user paul.dorn@sfmservice.com was not found
2024-05-15 01:29:29 :: User ID: 18101 accounting@slumerican.com main: 6157605203 mobile: 
2024-05-15 01:29:29 :: User ID: 18102 wraines@brwncald.com main: 615-250-1222 mobile: 
2024-05-15 01:29:29 :: User ID: 18656 ap@4patriots.com main: 615-600-8932 mobile: 
2024-05-15 01:29:29 :: User ID: 18104 accountspayable@bufex.com main: 214-515-9167 mobile: (520) 622-2711
2024-05-15 01:29:29 :: User ID: 18105 Frederick.oneal@cushwake.com main: 615-340-1990 mobile: 
2024-05-15 01:29:29 :: User ID: 18106 becky.frizzell@comcast.net main: 615-824-7163 mobile: 
2024-05-15 01:29:29 :: User ID: 18107 goodallaccountspayable@goodallhomes.com main: 615-451-5029 mobile: 
2024-05-15 01:29:29 :: User ID: 18108 HGibbs@hastingsarchitecture.com main: 615-329-1399 mobile: 
2024-05-15 01:29:29 :: User ID: 18109 BOGuin@hendersonville.org main: 615-824-6622 mobile: 615-828-2119
2024-05-15 01:29:29 :: The user marqueemgr@lincolpts.com was not found
2024-05-15 01:29:29 :: The user da.holsomback@ogletree.com was not found
2024-05-15 01:29:29 :: The user kmack@conservice.com was not found
2024-05-15 01:29:29 :: User ID: 18114 allison@issolutions.biz main: 888-878-7061 mobile: 
2024-05-15 01:29:29 :: User ID: 18115 dawnlinn@gmail.com main: 615-338-5750 mobile: 
2024-05-15 01:29:29 :: User ID: 18116 scarver@RedCedarGlen.org main: 615-219-5095 mobile: 615-496-4964
2024-05-15 01:29:29 :: User ID: 17051 juliea@reliantrealty.com main: 615-724-5399 ext 127 mobile: 615-442-6968
2024-05-15 01:29:29 :: User ID: 18567 invoices@rubicon.com main: 732-275-3411 mobile: 
2024-05-15 01:29:29 :: The user ckonieczny@sesac.com was not found
2024-05-15 01:29:29 :: User ID: 18119 jody.boles@freemanwebb.com main: 615-255-1231 ext104 mobile: 615-394-5675
2024-05-15 01:29:29 :: The user KSarco@tbn.tv was not found
2024-05-15 01:29:29 :: User ID: 18121 wgraham@svp.vet main: 615-824-0580 mobile: 
2024-05-15 01:29:29 :: User ID: 18122 jallen@buntingroup.com main: 615-244-5720 mobile: 
2024-05-15 01:29:29 :: The user info@theshvillefoodproject.org was not found
2024-05-15 01:29:29 :: User ID: 18124 dnordquist@anecdotexp.com main: 615-254-4100 ext 202 mobile: 
2024-05-15 01:29:29 :: User ID: 18125 slowery@tcco.com main: 615-354-7965-Sarah mobile: 
2024-05-15 01:29:30 :: User ID: 18126 winnerschoice001@bellsouth.net main: 615-351-3222 mobile: 615-826-1300
2024-05-15 01:29:30 :: User ID: 18127 robert@rfdtv.com main: 615 296 9292 mobile: 615-296-9318
2024-05-15 01:29:30 :: User ID: 18128 Elizabeth.Alevizos@cbre.com main: 615 248 1115 mobile: 617 459 7213
2024-05-15 01:29:30 :: The user michelew.lutz@comcast.net was not found
2024-05-15 01:29:30 :: User ID: 18129 jsteele@warnerparks.org main: 615.370.8053 mobile: 407.538.9366
2024-05-15 01:29:30 :: User ID: 18130 andrea@altoira.com main: 615-829-2455 mobile: 
2024-05-15 01:29:30 :: User ID: 17128 eric.courtade@amedisys.com main: 225-299-3428 mobile: 
2024-05-15 01:29:30 :: User ID: 18131 reneet@svmic.com main: 615-846-82752 mobile: 
2024-05-15 01:29:30 :: The user Jennifer.Gelfand@tn.gov was not found
2024-05-15 01:29:30 :: User ID: 18133 daniel.woods@cardiopartners.com main: 615-496-9704 mobile: 
2024-05-15 01:29:30 :: The user johns@hathorneshville.com was not found
2024-05-15 01:29:30 :: User ID: 18135 ben@bethehive.com main: 301.943.2209 mobile: 
2024-05-15 01:29:30 :: The user shaun@shvilleprinting.com was not found
2024-05-15 01:29:30 :: User ID: 18137 accounting@hon.org main: 615.298.1108 ext. 4000 mobile: 
2024-05-15 01:29:30 :: User ID: 18566 Julia.Greatrex@rubicon.com main: (404) 609-4171 mobile: 
2024-05-15 01:29:30 :: User ID: 18139 moneke.burks@getbuilt.com main: 615-205-5563 mobile: 
2024-05-15 01:29:30 :: User ID: 18140 abottomley@urbanexpro.com main: 270-559-5420 mobile: 
2024-05-15 01:29:30 :: User ID: 18141 lhall@bluwave.net main: 615-588-4009 mobile: 
2024-05-15 01:29:30 :: User ID: 18142 carl@wpln.org main: 615.752.9726 mobile: 
2024-05-15 01:29:30 :: The user amurray@i3verticals.com was not found
2024-05-15 01:29:30 :: User ID: 18144 nsmith@moodynolan.com main: 6156204786 mobile: 
2024-05-15 01:29:30 :: The user sherrie@shvillehumane.org was not found
2024-05-15 01:29:30 :: User ID: 18146 kanda.hyde@aecom.com main: 615.224.2120 mobile: 615.405.1675
2024-05-15 01:29:30 :: The user bobbi@greenhousesh.com was not found
2024-05-15 01:29:30 :: User ID: 18148 jesse@mmmthatsfresh.com main:  mobile: 615-668-5196
2024-05-15 01:29:30 :: User ID: 18149 chris@gwcg.com main: 980-297-0976 mobile: 
2024-05-15 01:29:30 :: The user ahanson@shvillechamber.com was not found
2024-05-15 01:29:30 :: User ID: 18151 chandni.patel@holcim.com main: 629-258-3000 mobile: 615-336-8815
2024-05-15 01:29:30 :: User ID: 18152 Andrew.Stines@sonymusic.com main: 615.301.4379 mobile: 615.400.7312
2024-05-15 01:29:30 :: User ID: 18154 lori.glover@resourcelabel.com main: 615.393.8708 ext 11708 mobile: 
2024-05-15 01:29:30 :: User ID: 18155 beech.environmental@gmail.com main: (615)902-4385 mobile: 
2024-05-15 01:29:30 :: User ID: 18156 bpfrancis@cclawtn.com main: (615) 244-1440 mobile: 
2024-05-15 01:29:30 :: User ID: 18157 florence@heritagegroupusa.com main: (615) 263.7832 mobile: (615) 473.4520
2024-05-15 01:29:30 :: User ID: 18158 Shannon@gruhn.com main: 6156485900 mobile: 
2024-05-15 01:29:30 :: The user alice.miner@woodplc.com was not found
2024-05-15 01:29:30 :: User ID: 18160 felicia.roberts@tennessee.edu main: (615) 532-3328 mobile: 
2024-05-15 01:29:30 :: The user stephanie@mpmshville.com was not found
2024-05-15 01:29:30 :: User ID: 18162 madams@af247.com main: 615-838-5907 mobile: 
2024-05-15 01:29:30 :: The user soneill@shvillevetderm.com was not found
2024-05-15 01:29:30 :: User ID: 18164 creguli@comcast.net main: 615.293.3025 mobile: 
2024-05-15 01:29:30 :: The user Fince@roadrunnerwm.com was not found
2024-05-15 01:29:30 :: User ID: 18166 Justin@remedybonebroth.com main: (615) 691-3395 mobile: 
2024-05-15 01:29:30 :: User ID: 18167 cnelson@grfllp.com main: 615-938-7219 mobile: 
2024-05-15 01:29:30 :: The user skye@thompsonburton.com was not found
2024-05-15 01:29:30 :: User ID: 18169 kbaker@poweredbyprisma.com main: 615-727-1220 mobile: 
2024-05-15 01:29:30 :: User ID: 18170 paula.nelson@bmg.com main: (615) 610-2086 Ext. 3117 mobile: 
2024-05-15 01:29:30 :: User ID: 18171 e523nj@erac.com main: 615-309-9640 mobile: 
2024-05-15 01:29:30 :: The user ltoomey@stberrd.org was not found
2024-05-15 01:29:30 :: The user wtr@nealharwell.com was not found
2024-05-15 01:29:30 :: User ID: 18173 abaker@advocacytrust.com main: 615-649-6657 mobile: 615-663-7033
2024-05-15 01:29:30 :: User ID: 18174 cassandra.a.fuller@accenture.com main: 865-332-7754 mobile: 
2024-05-15 01:29:30 :: User ID: 18175 admin@heifranklin.com main: NULL mobile: 3138208997
2024-05-15 01:29:30 :: User ID: 18176 Justine.Liddelow@tag-group.com main: (615) 551-6950 mobile: 
2024-05-15 01:29:30 :: User ID: 18177 snicholson@buergerlaw.com main: 615-794-8850 mobile: 
2024-05-15 01:29:30 :: User ID: 18178 sheryl.seifert@henkel.com main: 6156497805 mobile: 
2024-05-15 01:29:30 :: User ID: 18179 tracey.riggenbach@arcelormittal.com main: 615 724 1745 mobile: 
2024-05-15 01:29:30 :: User ID: 18180 sfrogge@rockcityconstruction.com main: 615-970-1120 mobile: 
2024-05-15 01:29:30 :: User ID: 18181 beth_t@tndisability.org main: 615-383-9442 mobile: 615-977-1839
2024-05-15 01:29:30 :: The user lucy@ironwareintertiol.com was not found
2024-05-15 01:29:30 :: User ID: 18183 hal@lockelandtable.com main: (615)351-5594 mobile: 
2024-05-15 01:29:30 :: User ID: 18186 gene.allen@am.jll.com main: 404.995.6383 mobile: 678.392.0681
2024-05-15 01:29:30 :: User ID: 18187 accounts.payable@TN.gov main: 615313-5511 mobile: 
2024-05-15 01:29:30 :: User ID: 18188 spring.o'donnell@highwoods.com main: 6156132775 mobile: 
2024-05-15 01:29:30 :: The user Diane.cord@crowe.com was not found
2024-05-15 01:29:30 :: User ID: 18193 anita.wade@z-integrated.com main: 6152590999 mobile: 
2024-05-15 01:29:30 :: The user ginger.poag@finnpartners.com was not found
2024-05-15 01:29:30 :: User ID: 18202 jessi@6thmanmovers.com main: 6158031313 mobile: 
2024-05-15 01:29:30 :: User ID: 18203 LGarber@alfredwilliams.com main: 615-679-3965 mobile: 
2024-05-15 01:29:30 :: User ID: 18206 hmalone@cri-us.com main: 6152929514 mobile: 
2024-05-15 01:29:30 :: User ID: 18207 margiee@americanconstructors.us main: 6153290123 mobile: 
2024-05-15 01:29:30 :: The user nfedie@wm.com was not found
2024-05-15 01:29:30 :: The user eclough@wm.com was not found
2024-05-15 01:29:30 :: User ID: 18211 brcapinvoices@bakerroofing.com main: 919-828-2975 mobile: 
2024-05-15 01:29:30 :: User ID: 18213 djohnson@bankdirector.com main: 615.777.8451 mobile: 
2024-05-15 01:29:30 :: User ID: 18215 joel.stacy@bluepearlvet.com main: 360-784-5416 mobile: 
2024-05-15 01:29:30 :: User ID: 18220 cindy@kreesconsulting.com main: 404-788-9994 mobile: 
2024-05-15 01:29:30 :: User ID: 18221 RNetzel@radiuspoint.com main: 407-657-4169 x126 mobile: 
2024-05-15 01:29:30 :: User ID: 18222 allan.hoke@asig.com main: (615) 275-2545 mobile: 
2024-05-15 01:29:30 :: User ID: 18225 rebecka.mcelheney@centerstone.org main: 615-463-6615 mobile: 
2024-05-15 01:29:30 :: User ID: 18226 Wendy.Stein@centerstone.org main: (615) 463-6502 mobile: 
2024-05-15 01:29:30 :: The user shawn.marks@viacomcbs.com was not found
2024-05-15 01:29:30 :: The user shvilleworkplace@paramount.com was not found
2024-05-15 01:29:30 :: User ID: 18231 sarahsharearm@thecomfortgroup.com main: 615-335-1637 mobile: 
2024-05-15 01:29:30 :: User ID: 18232 kimgrace@thecomfortgroup.com main: 615-263-2905 mobile: 
2024-05-15 01:29:30 :: The user JWarner@ionetwork.com was not found
2024-05-15 01:29:30 :: User ID: 18236 chris_estes@uhg.com main: 615.496.2895 mobile: 615-932-3624
2024-05-15 01:29:30 :: User ID: 18239 kdepaola@newmarketwaste.com main: (704) 948-4773 mobile: 
2024-05-15 01:29:30 :: The user ahargis@campaignmonitor.com was not found
2024-05-15 01:29:30 :: User ID: 18242 ncbarber@ramboll.com main: 703-516-2306 mobile: 
2024-05-15 01:29:30 :: The user jevans@essshville.com was not found
2024-05-15 01:29:30 :: The user agarth@fcsshville.org was not found
2024-05-15 01:29:30 :: User ID: 18247 Tara.Hollingsworth@feintool.com main: 615 471 9784 mobile: 
2024-05-15 01:29:30 :: User ID: 18248 mechelle.roberts@feintool.com main: 615-471-9740 mobile: 615 641 7995
2024-05-15 01:29:30 :: User ID: 18249 brenda.davenport@ec.co main: 615.812.1521 mobile: 
2024-05-15 01:29:30 :: User ID: 18250 trea.mccoy@ec.co main: 615.873.1257 mobile: 
2024-05-15 01:29:30 :: User ID: 18251 Ap.Corp@premisehealth.com main: 615-577-5854 mobile: 
2024-05-15 01:29:30 :: User ID: 18252 Matt.Liddle@PremiseHealth.com main: (615) 577-4928 mobile: (916) 521-5450
2024-05-15 01:29:30 :: User ID: 18254 stan.pyrdum@stites.com main: 615-782-2247 mobile: 
2024-05-15 01:29:30 :: User ID: 18256 kbanker@smeinc.com main: 6153854144 mobile: 6154737387
2024-05-15 01:29:30 :: User ID: 18258 william.knight@tn.gov main: 629-215-2923 mobile: 
2024-05-15 01:29:30 :: User ID: 18259 Rachael.Ross@tn.gov main: 629-255-7940 mobile: 
2024-05-15 01:29:30 :: User ID: 18260 katty@thirdmanrecords.com main: 615-891-4393 x315 mobile: 
2024-05-15 01:29:30 :: User ID: 18261 david.banks@vumc.org main: 615-936-8584 mobile: 
2024-05-15 01:29:30 :: User ID: 18267 sjones@kraftcpas.com main: 615-708-9518 mobile: 615-782-4234
2024-05-15 01:29:30 :: User ID: 18269 wjsweeney@lkqcorp.com main: 615-781-5245 mobile: 
2024-05-15 01:29:30 :: User ID: 18270 AdminPO@mpf.com main: 615.259.4000 mobile: 
2024-05-15 01:29:30 :: User ID: 18273 adennis@smsholdings.com main: 615-850-0517 mobile: 
2024-05-15 01:29:30 :: User ID: 18275 cdarnell@tha.com main: 615.401.7401 mobile: 
2024-05-15 01:29:30 :: The user nda.mineo@vanderbilt.edu was not found
2024-05-15 01:29:30 :: User ID: 18279 kimberly.cummings@vumc.org main: 615-322-8602 mobile: 
2024-05-15 01:29:30 :: User ID: 18281 kaitlyn.hergert@tenh.com main: 615-271-2433 mobile: 
2024-05-15 01:29:30 :: User ID: 18283 christy.chapman@fwcrcre.com main: 615.255.1231 ext. 111 mobile: 
2024-05-15 01:29:30 :: User ID: 18284 officeadmin@willscompany.com main: 615-352-1228 mobile: 
2024-05-15 01:29:30 :: User ID: 18285 mwalton@hqdirect.com main: (615) 254-7444 ext. 180 mobile: 
2024-05-15 01:29:30 :: User ID: 18286 BGutierrez@trcww.com main: 615-661-1149 mobile: 
2024-05-15 01:29:30 :: User ID: 18288 rmitchell@AvantIns.com main: 615-983-8988 mobile: 
2024-05-15 01:29:30 :: The user Diguardado@trla.org was not found
2024-05-15 01:29:30 :: User ID: 18295 emily@pricecpas.com main: 615-385-0686 mobile: 6155779688
2024-05-15 01:29:30 :: User ID: 17130 beth.polca@wsp.com main: 6159818396 mobile: 
2024-05-15 01:29:30 :: User ID: 18298 wanda.gunter@millenniumhotels.com main: 615.259.4343 ext 1291 mobile: 
2024-05-15 01:29:30 :: User ID: 18299 givens-s@us.benichu.com main: 615-514-8448 mobile: 
2024-05-15 01:29:30 :: User ID: 18302 justin.webb@kroger.com main: 615-871-2518 mobile: 615-310-2397
2024-05-15 01:29:30 :: User ID: 18306 mcraven@jwmcd.com main: 615-301-0772 mobile: 
2024-05-15 01:29:30 :: User ID: 18307 Mac.Smith@opry.com main: 615.231.1536 mobile: 615.305.8366
2024-05-15 01:29:30 :: User ID: 18311 mducharme@aegpresents.com main: 615-320-7286 mobile: 917.251.5628
2024-05-15 01:29:30 :: User ID: 18312 APatterson@nephilaadvisors.com main: 615.823.8518 mobile: 615.636.7583
2024-05-15 01:29:30 :: User ID: 18581 bpitcher@conservice.com main: 847-374-2731 mobile: 
2024-05-15 01:29:30 :: User ID: 18583 sbailey@conservice.com main: 435-716-7219 mobile: 
2024-05-15 01:29:30 :: User ID: 18318 s.weissenburger@vumc.org main: 615-875-8403 mobile: 
2024-05-15 01:29:30 :: User ID: 18321 accountspayable@lbmc.com main: 615-309-2200 mobile: 
2024-05-15 01:29:30 :: User ID: 18322 Shannon.Crenshaw@lbmc.com main: 615.309.2395 mobile: 
2024-05-15 01:29:30 :: User ID: 18324 lloving@velocityrisk.com main: 615.219.0379 mobile: 
2024-05-15 01:29:30 :: User ID: 18328 Janelle.Thompson@vumc.org main: 615-322-2231 mobile: 
2024-05-15 01:29:30 :: User ID: 18331 tgrady@oriusa.com main: 5025360381 mobile: 
2024-05-15 01:29:30 :: User ID: 18333 lisa.carlton@twbcompany.com main: 734-289-6508 mobile: 
2024-05-15 01:29:31 :: User ID: 18336 james.cole@twbcompany.com main: 615.280.5456 mobile: 910.364.3372
2024-05-15 01:29:31 :: User ID: 18337 laura.williamson@dciinc.org main: 615-775-9148 mobile: 
2024-05-15 01:29:31 :: User ID: 18340 billing@purposeprep.org main: 615-669-2396 mobile: 
2024-05-15 01:29:31 :: User ID: 18341 jmatthews@purposeprep.org main: 615.724.0705 mobile: 573-353-6504
2024-05-15 01:29:31 :: User ID: 18343 exley.k@tandh.com main: 912-721-4150 mobile: 
2024-05-15 01:29:31 :: User ID: 18348 ltalbert@enviroscienceinc.com main: 800.940.4025 mobile: 423.335.1166
2024-05-15 01:29:31 :: User ID: 18615 mgreen@compassroseevents.com main: 207-633-1101 ext 9005 mobile: 
2024-05-15 01:29:31 :: User ID: 18350 arickle@inovapayroll.com main: 615.921.0632 mobile: 
2024-05-15 01:29:31 :: User ID: 18354 emma.b.maccurdy@vumc.org main: (615) 936-8041 mobile: 
2024-05-15 01:29:31 :: User ID: 18355 jorge@jorgearrieta.com main: 615-720-3031 mobile: 
2024-05-15 01:29:31 :: User ID: 18357 kmckinzie@caresupplyco.com main: 615-690-2273 mobile: 
2024-05-15 01:29:31 :: User ID: 18358 rclark@caresupplyco.com main: 615-690-2273 mobile: 
2024-05-15 01:29:31 :: User ID: 18361 accountspayable@consilio.com main: 615.467.2388 mobile: 
2024-05-15 01:29:31 :: User ID: 18362 christi.peppers@legility.com main: 615 635 0111 mobile: 
2024-05-15 01:29:31 :: User ID: 18365 Fuller@pfeffertorode.com main: 615  667  0808  x1717 mobile: 
2024-05-15 01:29:31 :: User ID: 18368 mark@crema-coffee.com main: 615-347-7557 mobile: 
2024-05-15 01:29:31 :: User ID: 18371 Scott.Roland@captrust.com main: 6152779471 mobile: 
2024-05-15 01:29:31 :: User ID: 18372 kyle.davis@captrust.com main: 919-278-9945 mobile: 
2024-05-15 01:29:31 :: User ID: 18373 Kevin.Walker@wmg.com main: 212-275-1739 mobile: 646-341-3020
2024-05-15 01:29:31 :: User ID: 18375 Tanner.Bennett@wmg.com main: (629) 203-5441 mobile: (931) 698-7807
2024-05-15 01:29:31 :: The user aBelle@unicoprop.com was not found
2024-05-15 01:29:31 :: User ID: 18381 Heather.Olenkiewicz@cbre.com main: 615 493 9254 mobile: 404 401 0526
2024-05-15 01:29:31 :: User ID: 18384 Patricia.Studer@gpj.com main: 615-768-3200 mobile: 
2024-05-15 01:29:31 :: The user Sere.Lack@gpj.com was not found
2024-05-15 01:29:31 :: User ID: 18552 James.Hebden@am.jll.com main: 615-821-8351 mobile: 
2024-05-15 01:29:31 :: The user bdamelia@wasteharmonics.com was not found
2024-05-15 01:29:31 :: User ID: 18388 kmcarthur@acumentechnology.com main: 615.744.2024 mobile: 615.604.1819
2024-05-15 01:29:31 :: User ID: 18390 Clyde.Hicks@tn.gov main: 615-781-6604 mobile: 
2024-05-15 01:29:31 :: User ID: 18391 Bruce.E.brown@tn.gov main: 615-651-1366 mobile: 
2024-05-15 01:29:31 :: User ID: 18392 kboe@chct.reit main: 615-716-2086 mobile: 
2024-05-15 01:29:31 :: User ID: 18393 amy.riley@avisonyoung.com main: 615-727-7403 mobile: 
2024-05-15 01:29:31 :: User ID: 18395 jmack@ccorpusa.com main: (951) 252-8562 mobile: (951) 553-5566
2024-05-15 01:29:31 :: User ID: 18396 pricci@ccorpusa.com main: (951) 200-7888 mobile: (951) 970-5576
2024-05-15 01:29:31 :: User ID: 18400 collin.guidry@brookfieldproperties.com main: 615.823.2630 mobile: 
2024-05-15 01:29:31 :: User ID: 18402 csullivan@northwoodretail.com main: 615.823.2421 mobile: 
2024-05-15 01:29:31 :: User ID: 18406 ebaird@curraxpharma.com main: 615.442.8075 mobile: 
2024-05-15 01:29:31 :: User ID: 18407 Jacque@moyerco.com main: 423.834.2333 mobile: 
2024-05-15 01:29:31 :: User ID: 18409 Dpruitt@BrwnCald.com main: 615.238.2077 mobile: 615.585.2573
2024-05-15 01:29:31 :: User ID: 18103 austin.cooke@4patriots.com main:  mobile: 615-606-2868
2024-05-15 01:29:31 :: User ID: 18411 lmitchellbrewer@bufex.com main: (214) 515-9167 mobile: 
2024-05-15 01:29:31 :: User ID: 18419 mary.webb@goodallhomes.com main: 615-466-3142 mobile: 615-294-0740
2024-05-15 01:29:31 :: User ID: 18420 mnolan@goodallhomes.com main: 615-466-3100 mobile: 
2024-05-15 01:29:31 :: The user JeremyW@shvillesounds.com was not found
2024-05-15 01:29:31 :: The user DougS@shvillesounds.com was not found
2024-05-15 01:29:31 :: User ID: 18424 antwione.gilbert@olympusproperty.com main: 615-810-8819 mobile: 
2024-05-15 01:29:31 :: The user jfloren@conservice.com was not found
2024-05-15 01:29:31 :: User ID: 18429 joanne@iwservices.net main: 7708836294 mobile: 
2024-05-15 01:29:31 :: User ID: 18430 mhale@redcdearglen.org main: 615-822-7520 mobile: 
2024-05-15 01:29:31 :: User ID: 17052 karenf@reliantrealty.com main: 6157245399 mobile: 
2024-05-15 01:29:31 :: The user Jesse.Shannon@rubicon.com was not found
2024-05-15 01:29:31 :: User ID: 18431 pwolinski@rodem.com main: 615-824-8812 mobile: 
2024-05-15 01:29:31 :: User ID: 18432 DWinter@rodem.com main: (800) 362-7339 Opt.2 mobile: (615) 767-3044
2024-05-15 01:29:31 :: User ID: 17054 mtrice@sesac.com main: 615-429-0020 mobile: 
2024-05-15 01:29:31 :: User ID: 18438 bo.tyler@am.jll.com main: 615-928-5303 mobile: 
2024-05-15 01:29:31 :: User ID: 18439 amy@stokedproject.com main: 615.364.0680 mobile: 
2024-05-15 01:29:31 :: User ID: 18440 bbustin@tbn.tv main: 615-431-3509 mobile: 
2024-05-15 01:29:31 :: The user maggiesmith@conservice.com was not found
2024-05-15 01:29:31 :: User ID: 18448 Maria.Troncoso@rubicon.com main: 732-275-3418 mobile: 
2024-05-15 01:29:31 :: User ID: 18449 katie@rfdtv.com main: 615.296-9354 mobile: 
2024-05-15 01:29:31 :: User ID: 18451 Ryan.winkler@cbre.com main: (307)-399-5901 mobile: 
2024-05-15 01:29:31 :: The user alissak@svmic.com was not found
2024-05-15 01:29:31 :: User ID: 18460 Jann@hon.org main: 615.298.1108 ext. 4090 mobile: 
2024-05-15 01:29:31 :: The user Bobby.Sandimanie@rubiconglobal.com was not found
2024-05-15 01:29:31 :: User ID: 18545 trader.joes@Rubicon.com main: 678-538-3860 mobile: 
2024-05-15 01:29:31 :: The user yellowsub68@gmail.com was not found
2024-05-15 01:29:31 :: User ID: 18466 stephen.malone@getbuilt.com main: (615) 237-1253 mobile: (615) 505-3888
2024-05-15 01:29:31 :: User ID: 18469 vickie.dalton@getbuilt.com main: 408-218-4060 mobile: 
2024-05-15 01:29:31 :: User ID: 18471 wendy@wpln.org main: 615-760-2903 mobile: 
2024-05-15 01:29:31 :: The user jackie@greenhousesh.com was not found
2024-05-15 01:29:31 :: User ID: 18476 falecia@gwcg.com main: 316.259.9868 mobile: 
2024-05-15 01:29:31 :: User ID: 18480 sherrie.macwilliams@holcim.com main: 714-608-1993 mobile: 
2024-05-15 01:29:31 :: User ID: 18482 dstallcup@resourcelabel.com main: 615-661-8548 mobile: 
2024-05-15 01:29:31 :: User ID: 18483 teresa.hagey@sumnerschools.org main: 615-824-6200 mobile: 
2024-05-15 01:29:31 :: User ID: 18489 peyton.williams@nttdata.com main: 337.224.4203 mobile: 
2024-05-15 01:29:31 :: The user will@mpmshville.com was not found
2024-05-15 01:29:31 :: User ID: 18494 michael@bellemeadewinery.com main: (304) 685-8706 mobile: 
2024-05-15 01:29:31 :: User ID: 18496 kendall@thompsonburton.com main: 615-465-6000 mobile: 
2024-05-15 01:29:31 :: User ID: 17495 jenhelmwimberley@gmail.com main: 615-390-1244 mobile: 
2024-05-15 01:29:31 :: The user AccountsPayableAM@arcelormittal.com was not found
2024-05-15 01:29:31 :: User ID: 18505 jacob@crema-coffee.com main: 912.617.2047 mobile: 